<?xml version="1.0" encoding="UTF-8"?>
<!-- Generated by org.testng.reporters.JUnitReportReporter -->
<testsuite hostname="DESKTOP-CPUEJVD" failures="0" tests="16" name="Runners.TestRunner" time="296.424" errors="0" timestamp="2023-01-06T22:57:22 EET" skipped="0">
  <testcase classname="Runners.TestRunner" name="runScenario" time="46.211"/>
  <system-out/>
  <testcase classname="Runners.TestRunner" name="runScenario" time="13.355"/>
  <system-out/>
  <testcase classname="Runners.TestRunner" name="runScenario" time="9.481"/>
  <system-out/>
  <testcase classname="Runners.TestRunner" name="runScenario" time="18.751"/>
  <system-out/>
  <testcase classname="Runners.TestRunner" name="runScenario" time="12.690"/>
  <system-out/>
  <testcase classname="Runners.TestRunner" name="runScenario" time="19.695"/>
  <system-out/>
  <testcase classname="Runners.TestRunner" name="runScenario" time="20.417"/>
  <system-out/>
  <testcase classname="Runners.TestRunner" name="runScenario" time="42.022"/>
  <system-out/>
  <testcase classname="Runners.TestRunner" name="runScenario" time="16.547"/>
  <system-out/>
  <testcase classname="Runners.TestRunner" name="runScenario" time="14.573"/>
  <system-out/>
  <testcase classname="Runners.TestRunner" name="runScenario" time="9.841"/>
  <system-out/>
  <testcase classname="Runners.TestRunner" name="runScenario" time="11.010"/>
  <system-out/>
  <testcase classname="Runners.TestRunner" name="runScenario" time="14.309"/>
  <system-out/>
  <testcase classname="Runners.TestRunner" name="runScenario" time="10.362"/>
  <system-out/>
  <testcase classname="Runners.TestRunner" name="runScenario" time="13.318"/>
  <system-out/>
  <testcase classname="Runners.TestRunner" name="runScenario" time="23.842"/>
  <system-out/>
</testsuite> <!-- Runners.TestRunner -->
